<?xml version="1.0" encoding="UTF-8"?>
<!-- Generated by org.testng.reporters.JUnitReportReporter -->
<testsuite hostname="LAPTOP-KB7KK6RH" failures="0" tests="4" name="datadriven.LoginTest" time="13.480" errors="0" timestamp="2022-04-14T00:52:43 IST" skipped="0">
  <testcase classname="datadriven.LoginTest" name="loginTest" time="1.261"/>
  <system-out/>
  <testcase classname="datadriven.LoginTest" name="loginTest" time="1.298"/>
  <system-out/>
  <testcase classname="datadriven.LoginTest" name="loginTest" time="9.639"/>
  <system-out/>
  <testcase classname="datadriven.LoginTest" name="loginTest" time="1.282"/>
  <system-out/>
</testsuite> <!-- datadriven.LoginTest -->
